JvmtiExport can_access_local_variables 0
JvmtiExport can_hotswap_or_post_breakpoint 0
JvmtiExport can_post_on_exceptions 0
# 298 ciObject found
ciMethod java/lang/Object <init> ()V 4097 1 24878 0 -1
ciMethod java/lang/Object hashCode ()I 2049 1 256 0 -1
ciMethod java/lang/String <init> ([CII)V 3081 1 5226 0 -1
ciMethod java/lang/String length ()I 4097 1 19968 0 -1
ciMethod java/lang/String equals (Ljava/lang/Object;)Z 3041 16481 2681 0 -1
ciMethod java/lang/String startsWith (Ljava/lang/String;I)Z 2089 5097 3051 0 -1
ciMethod java/lang/String startsWith (Ljava/lang/String;)Z 3361 1 521 0 -1
ciMethod java/lang/String hashCode ()I 2777 32769 2198 0 -1
ciMethod java/lang/String indexOf (I)I 2081 1 2583 0 -1
ciMethod java/lang/String indexOf (II)I 1417 32801 1080 0 -1
ciMethod java/lang/String substring (I)Ljava/lang/String; 3073 1 978 0 -1
ciMethod java/lang/String substring (II)Ljava/lang/String; 2057 1 2449 0 -1
ciMethod java/lang/String split (Ljava/lang/String;I)[Ljava/lang/String; 393 185 49 0 -1
ciMethod java/lang/String split (Ljava/lang/String;)[Ljava/lang/String; 393 1 49 0 -1
ciMethod java/lang/String trim ()Ljava/lang/String; 97 1 12 0 -1
ciMethod java/lang/ref/Reference get ()Ljava/lang/Object; 1033 1 129 0 -1
ciMethod java/util/Map containsKey (Ljava/lang/Object;)Z 0 0 1 0 -1
ciMethod java/util/Map get (Ljava/lang/Object;)Ljava/lang/Object; 0 0 1 0 -1
ciMethod java/util/Map put (Ljava/lang/Object;Ljava/lang/Object;)Ljava/lang/Object; 0 0 1 0 -1
ciMethod java/util/Map putAll (Ljava/util/Map;)V 0 0 1 0 -1
ciMethod java/util/Map keySet ()Ljava/util/Set; 0 0 1 0 -1
ciMethod java/util/Hashtable keySet ()Ljava/util/Set; 0 0 1 0 -1
ciMethod java/lang/AbstractStringBuilder <init> (I)V 1001 1 2121 0 -1
ciMethod java/lang/AbstractStringBuilder append (Ljava/lang/String;)Ljava/lang/AbstractStringBuilder; 1857 1 3444 0 -1
ciMethod java/lang/StringBuilder <init> ()V 801 1 1456 0 -1
ciMethod java/lang/StringBuilder append (Ljava/lang/String;)Ljava/lang/StringBuilder; 1633 1 3354 0 -1
ciMethod java/lang/StringBuilder toString ()Ljava/lang/String; 881 1 1609 0 -1
ciMethod java/lang/Boolean booleanValue ()Z 1025 1 128 0 -1
ciMethod java/lang/Number <init> ()V 3321 1 1721 0 -1
ciMethod java/lang/Integer valueOf (I)Ljava/lang/Integer; 4097 1 1243 0 -1
ciMethod java/lang/Integer <init> (I)V 3161 1 914 0 -1
ciMethod java/lang/Integer intValue ()I 1025 1 128 0 -1
ciMethod java/lang/NullPointerException <init> ()V 0 0 1 0 -1
ciMethod java/util/List size ()I 0 0 1 0 -1
ciMethod java/util/List iterator ()Ljava/util/Iterator; 0 0 1 0 -1
ciMethod java/util/List toArray ([Ljava/lang/Object;)[Ljava/lang/Object; 0 0 1 0 -1
ciMethod java/util/List add (Ljava/lang/Object;)Z 0 0 1 0 -1
ciMethod java/util/List sort (Ljava/util/Comparator;)V 0 0 1 0 -1
ciMethod java/util/AbstractList <init> ()V 2049 1 739 0 -1
ciMethod java/util/AbstractCollection <init> ()V 3257 1 1113 0 -1
ciMethod java/util/ArrayList <init> ()V 2049 1 256 0 -1
ciMethod java/util/ArrayList ensureCapacityInternal (I)V 3089 1 740 0 -1
ciMethod java/util/ArrayList ensureExplicitCapacity (I)V 3113 1 740 0 -1
ciMethod java/util/ArrayList grow (I)V 713 1 228 0 -1
ciMethod java/util/ArrayList size ()I 1129 1 141 0 -1
ciMethod java/util/ArrayList toArray ([Ljava/lang/Object;)[Ljava/lang/Object; 641 1 80 0 -1
ciMethod java/util/ArrayList add (Ljava/lang/Object;)Z 3153 1 728 0 -1
ciMethod java/util/ArrayList iterator ()Ljava/util/Iterator; 1409 1 176 0 -1
ciMethod java/util/ArrayList sort (Ljava/util/Comparator;)V 121 1 15 0 -1
ciMethod java/util/Collections sort (Ljava/util/List;Ljava/util/Comparator;)V 105 1 13 0 -1
ciMethod java/util/Collections synchronizedSet (Ljava/util/Set;Ljava/lang/Object;)Ljava/util/Set; 25 1 3 0 -1
ciMethod java/util/Set iterator ()Ljava/util/Iterator; 0 0 1 0 -1
ciMethod java/util/AbstractMap <init> ()V 2049 1 569 0 -1
ciMethod java/util/HashMap hash (Ljava/lang/Object;)I 2137 1 13160 0 -1
ciMethod java/util/HashMap <init> ()V 1825 1 347 0 -1
ciMethod java/util/HashMap get (Ljava/lang/Object;)Ljava/lang/Object; 2393 1 5539 0 -1
ciMethod java/util/HashMap getNode (ILjava/lang/Object;)Ljava/util/HashMap$Node; 2049 25 5695 0 -1
ciMethod java/util/HashMap containsKey (Ljava/lang/Object;)Z 2545 1 1741 0 -1
ciMethod java/util/HashMap put (Ljava/lang/Object;Ljava/lang/Object;)Ljava/lang/Object; 2065 1 5577 0 -1
ciMethod java/util/HashMap putVal (ILjava/lang/Object;Ljava/lang/Object;ZZ)Ljava/lang/Object; 2065 113 5697 0 -1
ciMethod java/lang/Math max (II)I 505 1 995 0 -1
ciMethod java/util/Collections$SynchronizedSet <init> (Ljava/util/Set;Ljava/lang/Object;)V 25 1 3 0 -1
ciMethod java/util/Collections$SynchronizedCollection <init> (Ljava/util/Collection;Ljava/lang/Object;)V 33 1 4 0 -1
ciMethod java/util/Objects requireNonNull (Ljava/lang/Object;)Ljava/lang/Object; 2065 1 1293 0 -1
ciMethod java/util/Iterator hasNext ()Z 0 0 1 0 -1
ciMethod java/util/Iterator next ()Ljava/lang/Object; 0 0 1 0 -1
ciMethodData java/lang/Object <init> ()V 2 24879 orig 264 8 177 72 87 0 0 0 0 128 4 186 19 0 0 0 0 32 1 0 0 0 0 0 0 0 0 0 0 0 0 0 0 0 0 0 0 0 0 0 0 0 0 0 0 0 0 0 0 0 0 0 0 0 0 0 0 0 0 0 0 0 0 0 0 0 0 0 0 0 0 0 0 0 0 0 0 0 0 0 0 77 68 79 32 101 120 116 114 97 32 100 97 116 97 32 108 111 99 107 0 0 0 0 0 0 0 0 0 0 0 0 0 0 0 0 0 0 0 0 0 0 0 0 0 0 0 0 0 0 0 0 0 0 0 0 0 0 0 0 0 0 0 0 0 0 0 0 0 0 0 0 0 0 0 0 0 0 0 0 0 0 0 0 0 0 0 0 0 0 0 0 0 0 0 0 0 0 0 0 0 0 0 0 0 0 0 0 0 0 0 0 0 0 0 0 0 0 0 0 0 0 0 0 0 0 0 0 0 0 0 0 0 0 0 0 0 0 2 0 0 121 249 2 0 1 0 0 0 0 0 0 0 0 0 0 0 2 0 0 0 0 0 3 0 1 0 0 0 0 0 0 0 255 255 255 255 0 0 0 0 0 0 0 0 data 0 oops 0
ciMethodData java/lang/String hashCode ()I 2 22955 orig 264 8 177 72 87 0 0 0 0 176 79 186 19 0 0 0 0 152 1 0 0 32 0 0 0 0 0 0 0 0 0 0 0 0 0 0 0 0 0 0 0 0 0 0 0 0 0 0 0 0 0 0 0 0 0 0 0 0 0 0 0 0 0 0 0 0 0 0 0 0 0 0 0 0 0 0 0 0 0 0 0 77 68 79 32 101 120 116 114 97 32 100 97 116 97 32 108 111 99 107 0 0 0 0 0 0 0 0 0 0 0 0 0 0 0 0 0 0 0 0 0 0 0 0 0 0 0 0 0 0 0 0 0 0 0 0 0 0 0 0 0 0 0 0 0 0 0 0 0 0 0 0 0 0 0 0 0 0 0 0 0 0 0 0 0 0 0 0 0 0 0 0 0 0 0 0 0 0 0 0 0 0 0 0 0 0 0 0 0 0 0 0 0 0 0 0 0 0 0 0 0 0 0 0 0 0 0 0 0 0 0 0 0 0 0 0 0 0 16 0 0 217 57 0 0 89 77 2 0 0 0 0 0 0 0 0 0 2 0 0 0 1 0 11 0 2 0 0 0 120 0 0 0 255 255 255 255 7 0 6 0 0 0 0 0 data 15 0x60007 0x48b 0x78 0x2b0 0xe0007 0x6 0x58 0x2aa 0x1e0007 0x2aa 0x38 0x497e 0x2d0003 0x497e 0xffffffffffffffe0 oops 0